\BOOKMARK [0][-]{chapter.1}{\376\377\000W\000p\000r\000o\000w\000a\000d\000z\000e\000n\000i\000e}{}% 1
\BOOKMARK [1][-]{section.1.1}{\376\377\000K\000o\000n\000t\000e\000k\000s\000t\000\040\000i\000\040\000m\000o\000t\000y\000w\000a\000c\000j\000a}{chapter.1}% 2
\BOOKMARK [1][-]{section.1.2}{\376\377\000C\000e\000l\000\040\000i\000\040\000z\000a\000k\000r\000e\000s\000\040\000p\000r\000a\000c\000y}{chapter.1}% 3
\BOOKMARK [1][-]{section.1.3}{\376\377\000S\000t\000r\000u\000k\000t\000u\000r\000a\000\040\000p\000r\000a\000c\000y}{chapter.1}% 4
\BOOKMARK [0][-]{chapter.2}{\376\377\000P\000o\000d\000s\000t\000a\000w\000y\000\040\000t\000e\000o\000r\000e\000t\000y\000c\000z\000n\000e}{}% 5
\BOOKMARK [1][-]{section.2.1}{\376\377\000S\000t\000a\000n\000d\000a\000r\000d\000\040\000O\000p\000e\000n\000G\000L\000\040\000E\000S\000\040\0001\000.\0001}{chapter.2}% 6
\BOOKMARK [2][-]{subsection.2.1.1}{\376\377\000C\000h\000a\000r\000a\000k\000t\000e\000r\000y\000s\000t\000y\000k\000a\000\040\000s\000t\000a\000n\000d\000a\000r\000d\000u}{section.2.1}% 7
\BOOKMARK [2][-]{subsection.2.1.2}{\376\377\000P\000o\000t\000o\000k\000\040\000g\000r\000a\000f\000i\000c\000z\000n\000y\000\040\000f\000i\000x\000e\000d\000-\000p\000i\000p\000e\000l\000i\000n\000e}{section.2.1}% 8
\BOOKMARK [2][-]{subsection.2.1.3}{\376\377\000M\000o\000d\000e\000l\000\040\000o\001\133\000w\000i\000e\000t\000l\000e\000n\000i\000a\000\040\000P\000h\000o\000n\000g\000a}{section.2.1}% 9
\BOOKMARK [1][-]{section.2.2}{\376\377\000U\000k\001\102\000a\000d\000y\000\040\000F\000P\000G\000A}{chapter.2}% 10
\BOOKMARK [2][-]{subsection.2.2.1}{\376\377\000A\000r\000c\000h\000i\000t\000e\000k\000t\000u\000r\000a\000\040\000u\000k\001\102\000a\000d\000\363\000w\000\040\000F\000P\000G\000A}{section.2.2}% 11
\BOOKMARK [2][-]{subsection.2.2.2}{\376\377\000I\000n\000t\000e\000l\000\040\000C\000y\000c\000l\000o\000n\000e\000\040\000V\000\040\000S\000o\000C}{section.2.2}% 12
\BOOKMARK [1][-]{section.2.3}{\376\377\000A\000m\000a\000r\000a\000n\000t\000h\000\040\000H\000D\000L}{chapter.2}% 13
\BOOKMARK [2][-]{subsection.2.3.1}{\376\377\000C\000h\000a\000r\000a\000k\000t\000e\000r\000y\000s\000t\000y\000k\000a\000\040\000j\001\031\000z\000y\000k\000a}{section.2.3}% 14
\BOOKMARK [2][-]{subsection.2.3.2}{\376\377\000P\000o\000d\000s\000t\000a\000w\000o\000w\000e\000\040\000k\000o\000n\000s\000t\000r\000u\000k\000c\000j\000e}{section.2.3}% 15
\BOOKMARK [2][-]{subsection.2.3.3}{\376\377\000A\000m\000a\000r\000a\000n\000t\000h\000\040\000S\000o\000C}{section.2.3}% 16
\BOOKMARK [1][-]{section.2.4}{\376\377\000A\000r\000y\000t\000m\000e\000t\000y\000k\000a\000\040\000s\000t\000a\001\102\000o\000p\000r\000z\000e\000c\000i\000n\000k\000o\000w\000a}{chapter.2}% 17
\BOOKMARK [2][-]{subsection.2.4.1}{\376\377\000Z\000a\000s\000t\000o\000s\000o\000w\000a\000n\000e\000\040\000f\000o\000r\000m\000a\000t\000y}{section.2.4}% 18
\BOOKMARK [0][-]{chapter.3}{\376\377\000A\000r\000c\000h\000i\000t\000e\000k\000t\000u\000r\000a\000\040\000a\000k\000c\000e\000l\000e\000r\000a\000t\000o\000r\000a}{}% 19
\BOOKMARK [1][-]{section.3.1}{\376\377\000Z\000a\001\102\000o\001\174\000e\000n\000i\000a\000\040\000p\000r\000o\000j\000e\000k\000t\000o\000w\000e}{chapter.3}% 20
\BOOKMARK [1][-]{section.3.2}{\376\377\000S\000t\000r\000u\000k\000t\000u\000r\000a\000\040\000p\000o\000t\000o\000k\000u\000\040\000g\000r\000a\000f\000i\000c\000z\000n\000e\000g\000o}{chapter.3}% 21
\BOOKMARK [2][-]{subsection.3.2.1}{\376\377\000S\000c\000h\000e\000m\000a\000t\000\040\000b\000l\000o\000k\000o\000w\000y}{section.3.2}% 22
\BOOKMARK [2][-]{subsection.3.2.2}{\376\377\000I\000n\000d\000e\000x\000\040\000G\000e\000n\000e\000r\000a\000t\000o\000r}{section.3.2}% 23
\BOOKMARK [2][-]{subsection.3.2.3}{\376\377\000I\000n\000p\000u\000t\000\040\000T\000o\000p\000o\000l\000o\000g\000y\000\040\000P\000r\000o\000c\000e\000s\000s\000o\000r}{section.3.2}% 24
\BOOKMARK [2][-]{subsection.3.2.4}{\376\377\000I\000n\000p\000u\000t\000\040\000A\000s\000s\000e\000m\000b\000l\000y}{section.3.2}% 25
\BOOKMARK [1][-]{section.3.3}{\376\377\000I\000n\000t\000e\000r\000f\000e\000j\000s\000y\000\040\000s\000y\000s\000t\000e\000m\000o\000w\000e}{chapter.3}% 26
\BOOKMARK [2][-]{subsection.3.3.1}{\376\377\000M\000a\000g\000i\000s\000t\000r\000a\000l\000a\000\040\000W\000i\000s\000h\000b\000o\000n\000e}{section.3.3}% 27
\BOOKMARK [2][-]{subsection.3.3.2}{\376\377\000I\000n\000t\000e\000r\000f\000e\000j\000s\000\040\000C\000S\000R}{section.3.3}% 28
\BOOKMARK [2][-]{subsection.3.3.3}{\376\377\000I\000n\000t\000e\000g\000r\000a\000c\000j\000a\000\040\000z\000\040\000A\000v\000a\000l\000o\000n}{section.3.3}% 29
\BOOKMARK [0][-]{chapter.4}{\376\377\000I\000m\000p\000l\000e\000m\000e\000n\000t\000a\000c\000j\000a}{}% 30
\BOOKMARK [1][-]{section.4.1}{\376\377\000T\000r\000a\000n\000s\000f\000o\000r\000m\000a\000c\000j\000e\000\040\000g\000e\000o\000m\000e\000t\000r\000y\000c\000z\000n\000e}{chapter.4}% 31
\BOOKMARK [2][-]{subsection.4.1.1}{\376\377\000M\000a\000c\000i\000e\000r\000z\000e\000\040\000t\000r\000a\000n\000s\000f\000o\000r\000m\000a\000c\000j\000i}{section.4.1}% 32
\BOOKMARK [2][-]{subsection.4.1.2}{\376\377\000A\000l\000g\000o\000r\000y\000t\000m\000\040\000m\000n\000o\001\174\000e\000n\000i\000a\000\040\000m\000a\000c\000i\000e\000r\000z\000-\000w\000e\000k\000t\000o\000r}{section.4.1}% 33
\BOOKMARK [2][-]{subsection.4.1.3}{\376\377\000O\000p\000t\000y\000m\000a\000l\000i\000z\000a\000c\000j\000a\000\040\000s\000p\000r\000z\001\031\000t\000o\000w\000a}{section.4.1}% 34
\BOOKMARK [1][-]{section.4.2}{\376\377\000S\000y\000s\000t\000e\000m\000\040\000o\001\133\000w\000i\000e\000t\000l\000e\000n\000i\000a}{chapter.4}% 35
\BOOKMARK [2][-]{subsection.4.2.1}{\376\377\000I\000m\000p\000l\000e\000m\000e\000n\000t\000a\000c\000j\000a\000\040\000m\000o\000d\000e\000l\000u\000\040\000P\000h\000o\000n\000g\000a}{section.4.2}% 36
\BOOKMARK [2][-]{subsection.4.2.2}{\376\377\000O\000b\000l\000i\000c\000z\000a\000n\000i\000e\000\040\000i\000l\000o\000c\000z\000y\000n\000u\000\040\000s\000k\000a\000l\000a\000r\000n\000e\000g\000o}{section.4.2}% 37
\BOOKMARK [2][-]{subsection.4.2.3}{\376\377\000W\000s\000p\000a\000r\000c\000i\000e\000\040\000w\000i\000e\000l\000u\000\040\001\172\000r\000\363\000d\000e\001\102\000\040\001\133\000w\000i\000a\000t\001\102\000a}{section.4.2}% 38
\BOOKMARK [1][-]{section.4.3}{\376\377\000R\000a\000s\000t\000e\000r\000y\000z\000a\000c\000j\000a}{chapter.4}% 39
\BOOKMARK [2][-]{subsection.4.3.1}{\376\377\000C\000l\000i\000p\000p\000i\000n\000g}{section.4.3}% 40
\BOOKMARK [2][-]{subsection.4.3.2}{\376\377\000P\000e\000r\000s\000p\000e\000c\000t\000i\000v\000e\000\040\000D\000i\000v\000i\000d\000e}{section.4.3}% 41
\BOOKMARK [2][-]{subsection.4.3.3}{\376\377\000V\000i\000e\000w\000p\000o\000r\000t\000\040\000T\000r\000a\000n\000s\000f\000o\000r\000m}{section.4.3}% 42
\BOOKMARK [2][-]{subsection.4.3.4}{\376\377\000T\000r\000i\000a\000n\000g\000l\000e\000\040\000S\000e\000t\000u\000p}{section.4.3}% 43
\BOOKMARK [2][-]{subsection.4.3.5}{\376\377\000S\000k\000a\000n\000o\000w\000a\000n\000i\000e\000\040\000t\000r\000\363\000j\000k\001\005\000t\000\363\000w}{section.4.3}% 44
\BOOKMARK [2][-]{subsection.4.3.6}{\376\377\000I\000n\000t\000e\000r\000p\000o\000l\000a\000c\000j\000a\000\040\000b\000a\000r\000y\000c\000e\000n\000t\000r\000y\000c\000z\000n\000a}{section.4.3}% 45
\BOOKMARK [1][-]{section.4.4}{\376\377\000O\000p\000e\000r\000a\000c\000j\000e\000\040\000p\000e\000r\000-\000f\000r\000a\000g\000m\000e\000n\000t}{chapter.4}% 46
\BOOKMARK [2][-]{subsection.4.4.1}{\376\377\000D\000e\000p\000t\000h\000\040\000T\000e\000s\000t}{section.4.4}% 47
\BOOKMARK [2][-]{subsection.4.4.2}{\376\377\000S\000t\000e\000n\000c\000i\000l\000\040\000T\000e\000s\000t}{section.4.4}% 48
\BOOKMARK [2][-]{subsection.4.4.3}{\376\377\000B\000l\000e\000n\000d\000i\000n\000g}{section.4.4}% 49
\BOOKMARK [0][-]{chapter.5}{\376\377\000T\000e\000s\000t\000o\000w\000a\000n\000i\000e\000\040\000i\000\040\000w\000e\000r\000y\000f\000i\000k\000a\000c\000j\000a}{}% 50
\BOOKMARK [1][-]{section.5.1}{\376\377\000M\000e\000t\000o\000d\000o\000l\000o\000g\000i\000a\000\040\000t\000e\000s\000t\000o\000w\000a\000n\000i\000a}{chapter.5}% 51
\BOOKMARK [2][-]{subsection.5.1.1}{\376\377\000F\000r\000a\000m\000e\000w\000o\000r\000k\000\040\000t\000e\000s\000t\000o\000w\000y}{section.5.1}% 52
\BOOKMARK [1][-]{section.5.2}{\376\377\000W\000y\000n\000i\000k\000i\000\040\000t\000e\000s\000t\000\363\000w}{chapter.5}% 53
\BOOKMARK [2][-]{subsection.5.2.1}{\376\377\000T\000e\000s\000t\000y\000\040\000j\000e\000d\000n\000o\000s\000t\000k\000o\000w\000e\000\040\000-\000\040\000p\000o\000k\000r\000y\000c\000i\000e}{section.5.2}% 54
\BOOKMARK [2][-]{subsection.5.2.2}{\376\377\000T\000e\000s\000t\000y\000\040\000w\000i\000z\000u\000a\000l\000n\000e}{section.5.2}% 55
\BOOKMARK [2][-]{subsection.5.2.3}{\376\377\000A\000p\000l\000i\000k\000a\000c\000j\000e\000\040\000d\000e\000m\000o\000n\000s\000t\000r\000a\000c\000y\000j\000n\000e}{section.5.2}% 56
\BOOKMARK [1][-]{section.5.3}{\376\377\000A\000n\000a\000l\000i\000z\000a\000\040\000w\000y\000d\000a\000j\000n\000o\001\133\000c\000i}{chapter.5}% 57
\BOOKMARK [2][-]{subsection.5.3.1}{\376\377\000Z\000u\001\174\000y\000c\000i\000e\000\040\000z\000a\000s\000o\000b\000\363\000w\000\040\000F\000P\000G\000A}{section.5.3}% 58
\BOOKMARK [2][-]{subsection.5.3.2}{\376\377\000C\000z\001\031\000s\000t\000o\000t\000l\000i\000w\000o\001\133\001\007\000\040\000t\000a\000k\000t\000o\000w\000a\000n\000i\000a}{section.5.3}% 59
\BOOKMARK [2][-]{subsection.5.3.3}{\376\377\000P\000r\000z\000e\000p\000u\000s\000t\000o\000w\000o\001\133\001\007}{section.5.3}% 60
\BOOKMARK [0][-]{chapter.6}{\376\377\000P\000o\000d\000s\000u\000m\000o\000w\000a\000n\000i\000e\000\040\000i\000\040\000w\000n\000i\000o\000s\000k\000i}{}% 61
\BOOKMARK [1][-]{section.6.1}{\376\377\000O\000s\000i\001\005\000g\000n\000i\001\031\000t\000e\000\040\000c\000e\000l\000e}{chapter.6}% 62
\BOOKMARK [1][-]{section.6.2}{\376\377\000W\000n\000i\000o\000s\000k\000i}{chapter.6}% 63
\BOOKMARK [2][-]{subsection.6.2.1}{\376\377\000O\000s\000i\001\005\000g\000n\000i\001\031\000c\000i\000a\000\040\000t\000e\000c\000h\000n\000i\000c\000z\000n\000e}{section.6.2}% 64
\BOOKMARK [2][-]{subsection.6.2.2}{\376\377\000O\000g\000r\000a\000n\000i\000c\000z\000e\000n\000i\000a\000\040\000o\000b\000e\000c\000n\000e\000j\000\040\000i\000m\000p\000l\000e\000m\000e\000n\000t\000a\000c\000j\000i}{section.6.2}% 65
\BOOKMARK [2][-]{subsection.6.2.3}{\376\377\000W\000a\000r\000t\000o\001\133\001\007\000\040\000e\000d\000u\000k\000a\000c\000y\000j\000n\000a}{section.6.2}% 66
\BOOKMARK [1][-]{section.6.3}{\376\377\000M\000o\001\174\000l\000i\000w\000o\001\133\000c\000i\000\040\000r\000o\000z\000w\000o\000j\000u}{chapter.6}% 67
\BOOKMARK [2][-]{subsection.6.3.1}{\376\377\000K\000r\000\363\000t\000k\000o\000t\000e\000r\000m\000i\000n\000o\000w\000e}{section.6.3}% 68
\BOOKMARK [2][-]{subsection.6.3.2}{\376\377\001\132\000r\000e\000d\000n\000i\000o\000t\000e\000r\000m\000i\000n\000o\000w\000e}{section.6.3}% 69
\BOOKMARK [2][-]{subsection.6.3.3}{\376\377\000D\001\102\000u\000g\000o\000t\000e\000r\000m\000i\000n\000o\000w\000e}{section.6.3}% 70
\BOOKMARK [1][-]{section.6.4}{\376\377\000W\000k\001\102\000a\000d\000\040\000a\000u\000t\000o\000r\000a}{chapter.6}% 71
\BOOKMARK [0][-]{chapter*.7}{\376\377\000B\000i\000b\000l\000i\000o\000g\000r\000a\000f\000i\000a}{}% 72
